<?xml version="1.0" encoding="UTF-8" ?>
<testsuites>
  <testsuite errors="0" failures="0" hostname="ENCLAVEITs-Mac-Pro-8.local" id="0" name="TestSuite" package="testsuite.example" skipped="0" tests="5" time="1826.1" timestamp="2014-06-23T06:51:20">
      <properties>
[...]
</properties>

      <testcase classname="testsuite.example.DragDropTest" name="dragDropTest" time="334.198" />

      <testcase classname="testsuite.example.AddDeviceTest" name="addDevice" time="329.237" />

      <testcase classname="testsuite.example.AddDeviceWithAgreedExistSerialID" name="addNewDeviceWithExistID" time="595.539" />

      <testcase classname="testsuite.example.AddDeviceWithDeniedExistSerialID" name="addNewDeviceWithExistID" time="454.285" />

      <testcase classname="testsuite.example.RemoveDeviceTest" name="removeDevice" time="112.45" />

      <system-out><![CDATA[TEST DRAG AND DROP DEVICE:
Before drag-drop: (1218, 823)
After drag-drop: (1165, 798)
TEST ADD DEVICE:
Activated devices before adding a duplicate device: 3
Total devices after adding a duplicate device: 25
Now, activated devices are: 4
Total devices after adding a duplicate device: 26
TEST ADD A NEW DUPLICATED DEVICE'S ID THEN AGREE TO ADD:
Activated devices before adding a duplicate device: 3
Total devices after adding a duplicate device: 25
Now, activated devices are: 4
Total devices after adding a duplicate device: 26
System before ...	26
(1063, 227)	(1090, 227)	(1060, 295)	(1063, 262)	(1090, 262)	(1437, 262)	(1250, 475)	(1167, 516)	(1333, 516)	(1579, 593)	(1579, 593)	(1579, 593)	(1579, 593)	(1116, 706)	(1223, 706)	(1297, 680)	(1387, 681)	(1374, 739)	(1384, 708)	(1165, 798)	(1281, 783)	(1058, 857)	(1218, 823)	(1233, 833)	(1241, 831)	(1281, 855)	
System After ...	28
(1063, 227)	(1090, 227)	(1060, 295)	(1063, 262)	(1090, 262)	(1437, 262)	(1250, 475)	(1167, 516)	(1333, 516)	(1579, 593)	(1579, 593)	(1579, 593)	(1579, 593)	(1116, 706)	(1223, 706)	(1297, 680)	(1387, 681)	(1374, 739)	(1384, 708)	(1165, 798)	(1281, 783)	(1058, 857)	(1218, 823)	(1233, 833)	(1241, 831)	(1281, 855)	(1129, 902)	(1378, 949)	
 Inserted elements: 
2
(1129, 902)
(1378, 949)
TEST ADD A NEW DUPLICATED DEVICE'S ID THEN DENY TO ADD:
Activated devices before adding a duplicate device: 4
Total devices before adding a duplicate device: 26
Now, activated devices are: 4
Total devices after adding a duplicate device: 26
System before ...	26
(1063, 227)	(1090, 227)	(1060, 295)	(1063, 262)	(1090, 262)	(1437, 262)	(1250, 475)	(1167, 516)	(1333, 516)	(1579, 593)	(1579, 593)	(1579, 593)	(1116, 706)	(1223, 706)	(1297, 680)	(1387, 681)	(1374, 739)	(1384, 708)	(1165, 798)	(1281, 783)	(1058, 857)	(1218, 823)	(1233, 833)	(1241, 831)	(1281, 855)	(1129, 902)	
System After ...	27
(1063, 227)	(1090, 227)	(1060, 295)	(1063, 262)	(1090, 262)	(1437, 262)	(1250, 475)	(1167, 516)	(1333, 516)	(1579, 593)	(1579, 593)	(1579, 593)	(1116, 706)	(1223, 706)	(1297, 680)	(1387, 681)	(1374, 739)	(1384, 708)	(1165, 798)	(1281, 783)	(1058, 857)	(1218, 823)	(1233, 833)	(1241, 831)	(1281, 855)	(1129, 902)	(1378, 949)	
 Inserted elements: 
1
(1378, 949)TEST REMOVE DEVICE:
Total devices: 25
Number of activated devices: 3
After removing, total devices are: 24
]]></system-out>

      <system-err><![CDATA[]]></system-err>

  </testsuite>
</testsuites>
